<?xml version="1.0" encoding="UTF-8"?>
<!-- Generated by org.testng.reporters.JUnitXMLReporter -->
<testsuite ignored="5" hostname="UmeraNilofer" failures="0" tests="4" name="Test" time="0.076" errors="0" timestamp="2024-02-10T12:26:25 IST">
  <testcase classname="com.service.BikeTest" name="speedTest" time="0.009"/>
  <testcase classname="com.service.CarTest" name="mileageTest" time="0.002"/>
  <testcase classname="com.service.CarTest" name="speedTest" time="0.006"/>
  <testcase classname="com.service.BusTest" name="speedTest" time="0.002"/>
  <testcase classname="com.service.CarTest" name="colorTest" time="0.0">
    <ignored/>
  </testcase> <!-- colorTest -->
  <testcase classname="com.service.BikeTest" name="mileageTest" time="0.0">
    <ignored/>
  </testcase> <!-- mileageTest -->
  <testcase classname="com.service.BikeTest" name="colorTest" time="0.0">
    <ignored/>
  </testcase> <!-- colorTest -->
  <testcase classname="com.service.BusTest" name="mileageTest" time="0.0">
    <ignored/>
  </testcase> <!-- mileageTest -->
  <testcase classname="com.service.BusTest" name="colorTest" time="0.0">
    <ignored/>
  </testcase> <!-- colorTest -->
</testsuite> <!-- Test -->
