<?xml version="1.0" encoding="UTF-8"?>
<!-- Generated by org.testng.reporters.JUnitXMLReporter -->
<testsuite ignored="1" hostname="UmeraNilofer" failures="0" tests="1" name="OperationTest" time="0.008" errors="0" timestamp="2024-02-10T14:56:17 IST">
  <testcase classname="com.service.OperationServiceTest" name="subTest" time="0.005"/>
  <testcase classname="com.service.OperationServiceTest" name="addTest" time="0.0">
    <ignored/>
  </testcase> <!-- addTest -->
</testsuite> <!-- OperationTest -->
